<?xml version="1.0" encoding="UTF-8"?>
<!-- Generated by org.testng.reporters.JUnitReportReporter -->
<testsuite skipped="0" hostname="CSCINDAH504574" name="com.amazon.tests.TestClass" tests="1" failures="0" timestamp="03 Aug 2017 13:38:54 GMT" time="0.044" errors="0">
  <testcase name="test" time="0.044" classname="com.amazon.tests.TestClass"/>
</testsuite> <!-- com.amazon.tests.TestClass -->
