<?xml version="1.0" encoding="UTF-8"?>
<!-- Generated by org.testng.reporters.JUnitReportReporter -->
<testsuite skipped="0" hostname="CSCINDAH504574" name="com.amazon.tests.AmazonSearchTest" tests="2" failures="0" timestamp="16 Aug 2017 13:32:02 GMT" time="11.084" errors="0">
  <testcase name="searchTest" time="8.585" classname="com.amazon.tests.AmazonSearchTest"/>
  <testcase name="searchTest" time="2.499" classname="com.amazon.tests.AmazonSearchTest"/>
</testsuite> <!-- com.amazon.tests.AmazonSearchTest -->
