<?xml version="1.0" encoding="UTF-8"?>
<!-- Generated by org.testng.reporters.JUnitReportReporter -->
<testsuite skipped="0" hostname="CSCINDAH504574" name="com.amazon.tests.SampleTestNGClass" tests="1" failures="0" timestamp="12 Jul 2017 11:03:18 GMT" time="0.013" errors="0">
  <testcase name="f" time="0.013" classname="com.amazon.tests.SampleTestNGClass"/>
</testsuite> <!-- com.amazon.tests.SampleTestNGClass -->
