<?xml version="1.0" encoding="UTF-8"?>
<!-- Generated by org.testng.reporters.JUnitReportReporter -->
<testsuite skipped="0" hostname="CSCINDAH504574" name="com.amazon.libs.util.TestNGSuiteBuilder" tests="1" failures="0" timestamp="24 Jul 2017 13:50:32 GMT" time="1.614" errors="0">
  <testcase name="createXmlSuite" time="1.614" classname="com.amazon.libs.util.TestNGSuiteBuilder"/>
</testsuite> <!-- com.amazon.libs.util.TestNGSuiteBuilder -->
